#
# There is insufficient memory for the Java Runtime Environment to continue.
# Native memory allocation (malloc) failed to allocate 366736 bytes for Chunk::new
# Possible reasons:
#   The system is out of physical RAM or swap space
#   The process is running with CompressedOops enabled, and the Java Heap may be blocking the growth of the native heap
# Possible solutions:
#   Reduce memory load on the system
#   Increase physical memory or swap space
#   Check if swap backing store is full
#   Decrease Java heap size (-Xmx/-Xms)
#   Decrease number of Java threads
#   Decrease Java thread stack sizes (-Xss)
#   Set larger code cache with -XX:ReservedCodeCacheSize=
#   JVM is running with Unscaled Compressed Oops mode in which the Java heap is
#     placed in the first 4GB address space. The Java Heap base address is the
#     maximum limit for the native heap growth. Please use -XX:HeapBaseMinAddress
#     to set the Java Heap base and to place the Java Heap above 4GB virtual address.
# This output file may be truncated or incomplete.
#
#  Out of Memory Error (allocation.cpp:390), pid=3392, tid=0x0000000000001b9c
#
# JRE version: Java(TM) SE Runtime Environment (8.0_201-b09) (build 1.8.0_201-b09)
# Java VM: Java HotSpot(TM) 64-Bit Server VM (25.201-b09 mixed mode windows-amd64 compressed oops)
# Failed to write core dump. Minidumps are not enabled by default on client versions of Windows
#

---------------  T H R E A D  ---------------

Current thread (0x000000005663a000):  JavaThread "C2 CompilerThread0" daemon [_thread_in_native, id=7068, stack(0x00000000571d0000,0x00000000572d0000)]

Stack: [0x00000000571d0000,0x00000000572d0000]
[error occurred during error reporting (printing stack bounds), id 0xc0000005]

Native frames: (J=compiled Java code, j=interpreted, Vv=VM code, C=native code)


Current CompileTask:
C2:  17232 5107       4       com.sun.beans.TypeResolver::resolve (37 bytes)


---------------  P R O C E S S  ---------------

Java Threads: ( => current thread )
  0x0000000057664000 JavaThread "Cache worker for Build Output Cleanup Cache (C:\Users\xluser\Documents\MinecraftMods\fabricmods\autoattackfabric\.gradle\buildOutputCleanup)" [_thread_blocked, id=4632, stack(0x0000000065b50000,0x0000000065c50000)]
  0x0000000057663800 JavaThread "Build operations Thread 4" [_thread_blocked, id=9376, stack(0x00000000659c0000,0x0000000065ac0000)]
  0x0000000057662800 JavaThread "Build operations Thread 3" [_thread_blocked, id=7052, stack(0x00000000647c0000,0x00000000648c0000)]
  0x0000000062b8c800 JavaThread "Build operations Thread 2" [_thread_blocked, id=9540, stack(0x00000000643c0000,0x00000000644c0000)]
  0x0000000062b8b800 JavaThread "Build operations" [_thread_blocked, id=4988, stack(0x0000000063de0000,0x0000000063ee0000)]
  0x0000000062b8a000 JavaThread "Cache worker for execution history cache (C:\Users\xluser\.gradle\caches\5.5.1\executionHistory)" [_thread_blocked, id=9108, stack(0x0000000064140000,0x0000000064240000)]
  0x0000000057ff8000 JavaThread "Cache worker for cache directory md-rule (C:\Users\xluser\.gradle\caches\5.5.1\md-rule)" [_thread_blocked, id=1452, stack(0x0000000059e70000,0x0000000059f70000)]
  0x0000000057ff7800 JavaThread "Cache worker for cache directory md-supplier (C:\Users\xluser\.gradle\caches\5.5.1\md-supplier)" [_thread_blocked, id=3728, stack(0x0000000061140000,0x0000000061240000)]
  0x0000000057ff3800 JavaThread "Cache worker for file hash cache (C:\Users\xluser\Documents\MinecraftMods\fabricmods\autoattackfabric\.gradle\5.5.1\fileHashes)" [_thread_blocked, id=7576, stack(0x000000005a080000,0x000000005a180000)]
  0x0000000057ff3000 JavaThread "Cache worker for journal cache (C:\Users\xluser\.gradle\caches\journal-1)" [_thread_blocked, id=10048, stack(0x000000005b910000,0x000000005ba10000)]
  0x0000000057ff2000 JavaThread "File lock request listener" [_thread_in_native, id=2072, stack(0x000000005b680000,0x000000005b780000)]
  0x0000000057ff1800 JavaThread "Cache worker for file hash cache (C:\Users\xluser\.gradle\caches\5.5.1\fileHashes)" [_thread_blocked, id=6424, stack(0x000000005b2c0000,0x000000005b3c0000)]
  0x0000000058cfc000 JavaThread "Thread-9" [_thread_blocked, id=2556, stack(0x000000005a180000,0x000000005a280000)]
  0x0000000058cfd000 JavaThread "Stdin handler" [_thread_blocked, id=3168, stack(0x0000000059f80000,0x000000005a080000)]
  0x0000000058855800 JavaThread "Asynchronous log dispatcher for DefaultDaemonConnection: socket connection from /127.0.0.1:65004 to /127.0.0.1:65005" [_thread_blocked, id=11140, stack(0x0000000059d60000,0x0000000059e60000)]
  0x0000000058cf1800 JavaThread "Daemon worker" [_thread_in_vm, id=6296, stack(0x0000000059a90000,0x0000000059b90000)]
  0x000000005888a800 JavaThread "Cancel handler" [_thread_blocked, id=4532, stack(0x0000000059bd0000,0x0000000059cd0000)]
  0x0000000058c37800 JavaThread "Handler for socket connection from /127.0.0.1:65004 to /127.0.0.1:65005" [_thread_in_native, id=5584, stack(0x0000000059720000,0x0000000059820000)]
  0x0000000058c35800 JavaThread "Daemon" [_thread_blocked, id=12152, stack(0x0000000059590000,0x0000000059690000)]
  0x00000000568be800 JavaThread "Daemon periodic checks" [_thread_blocked, id=876, stack(0x0000000059160000,0x0000000059260000)]
  0x00000000568b1800 JavaThread "Incoming local TCP Connector on port 65004" [_thread_in_native, id=8344, stack(0x0000000059460000,0x0000000059560000)]
  0x00000000576ea800 JavaThread "Daemon health stats" [_thread_blocked, id=3612, stack(0x0000000058e50000,0x0000000058f50000)]
  0x00000000566bc800 JavaThread "Service Thread" daemon [_thread_blocked, id=5884, stack(0x0000000057560000,0x0000000057660000)]
  0x0000000056642800 JavaThread "C1 CompilerThread2" daemon [_thread_blocked, id=7232, stack(0x0000000057450000,0x0000000057550000)]
  0x0000000056641800 JavaThread "C2 CompilerThread1" daemon [_thread_in_native, id=496, stack(0x0000000057350000,0x0000000057450000)]
=>0x000000005663a000 JavaThread "C2 CompilerThread0" daemon [_thread_in_native, id=7068, stack(0x00000000571d0000,0x00000000572d0000)]
  0x0000000056629000 JavaThread "JDWP Command Reader" daemon [_thread_in_native, id=12012, stack(0x0000000057020000,0x0000000057120000)]
  0x0000000056625800 JavaThread "JDWP Event Helper Thread" daemon [_thread_blocked, id=11468, stack(0x0000000056f20000,0x0000000057020000)]
  0x000000005533c000 JavaThread "JDWP Transport Listener: dt_socket" daemon [_thread_blocked, id=11148, stack(0x0000000056d60000,0x0000000056e60000)]
  0x0000000055336000 JavaThread "Attach Listener" daemon [_thread_blocked, id=5424, stack(0x0000000056bf0000,0x0000000056cf0000)]
  0x0000000055335000 JavaThread "Signal Dispatcher" daemon [_thread_blocked, id=2852, stack(0x0000000056280000,0x0000000056380000)]
  0x000000005531a800 JavaThread "Finalizer" daemon [_thread_blocked, id=5604, stack(0x0000000056510000,0x0000000056610000)]
  0x0000000055313800 JavaThread "Reference Handler" daemon [_thread_blocked, id=12080, stack(0x00000000563b0000,0x00000000564b0000)]
  0x0000000002209000 JavaThread "main" [_thread_blocked, id=10036, stack(0x0000000002510000,0x0000000002610000)]

Other Threads:
  0x00000000552cb800 VMThread [stack: 0x0000000056160000,0x0000000056260000] [id=7696]
  0x00000000566bf000 WatcherThread [stack: 0x0000000056a80000,0x0000000056b80000] [id=11916]

VM state:not at safepoint (normal execution)

VM Mutex/Monitor currently owned by a thread: None

heap address: 0x00000000c0000000, size: 1024 MB, Compressed Oops mode: 32-bit
Narrow klass base: 0x0000000000000000, Narrow klass shift: 0
Compressed class space size: 1073741824 Address: 0x0000000014940000

Heap:
 PSYoungGen      total 99328K, used 60000K [0x00000000eab00000, 0x00000000f1880000, 0x0000000100000000)
  eden space 86528K, 59% used [0x00000000eab00000,0x00000000edd45a38,0x00000000eff80000)
  from space 12800K, 66% used [0x00000000eff80000,0x00000000f07d26c8,0x00000000f0c00000)
  to   space 10752K, 0% used [0x00000000f0e00000,0x00000000f0e00000,0x00000000f1880000)
 ParOldGen       total 60416K, used 19776K [0x00000000c0000000, 0x00000000c3b00000, 0x00000000eab00000)
  object space 60416K, 32% used [0x00000000c0000000,0x00000000c1350300,0x00000000c3b00000)
 Metaspace       used 49892K, capacity 51098K, committed 51248K, reserved 1093632K
  class space    used 6830K, capacity 7097K, committed 7216K, reserved 1048576K

Card table byte_map: [0x0000000011ca0000,0x0000000011eb0000] byte_map_base: 0x00000000116a0000

Marking Bits: (ParMarkBitMap*) 0x000000005d6a4ce0
 Begin Bits: [0x0000000012740000, 0x0000000013740000)
 End Bits:   [0x0000000013740000, 0x0000000014740000)

Polling page: 0x0000000000230000

CodeCache: size=245760Kb used=16603Kb max_used=16603Kb free=229156Kb
 bounds [0x00000000028e0000, 0x0000000003930000, 0x00000000118e0000]
 total_blobs=5374 nmethods=4600 adapters=694
 compilation: enabled

Compilation events (10 events):
Event: 17.195 Thread 0x0000000056642800 nmethod 5126 0x0000000003911290 code [0x00000000039115c0, 0x0000000003912e78]
Event: 17.195 Thread 0x0000000056642800 5127       3       org.gradle.internal.logging.services.ProgressLoggingBridge::started (11 bytes)
Event: 17.196 Thread 0x0000000056642800 nmethod 5127 0x0000000003913e90 code [0x0000000003914000, 0x0000000003914228]
Event: 17.203 Thread 0x0000000056642800 5128       3       groovy.lang.MetaClassImpl$MethodIndexAction::iterate (119 bytes)
Event: 17.203 Thread 0x0000000056642800 nmethod 5128 0x0000000003914310 code [0x0000000003914500, 0x0000000003914fb8]
Event: 17.212 Thread 0x0000000056642800 5130       3       java.beans.Introspector::processPropertyDescriptors (959 bytes)
Event: 17.220 Thread 0x0000000056642800 nmethod 5130 0x0000000003915450 code [0x00000000039161c0, 0x0000000003921658]
Event: 17.225 Thread 0x0000000056642800 5131       3       org.gradle.util.CollectionUtils::collectArray (49 bytes)
Event: 17.225 Thread 0x0000000056642800 nmethod 5131 0x00000000039278d0 code [0x0000000003927a60, 0x0000000003927e88]
Event: 17.228 Thread 0x0000000056642800 5132       3       com.google.common.collect.MapMakerInternalMap$StrongKeyWeakValueEntry$Helper::setValue (14 bytes)

GC Heap History (10 events):
Event: 5.081 GC heap before
{Heap before GC invocations=9 (full 1):
 PSYoungGen      total 71680K, used 28732K [0x00000000eab00000, 0x00000000ef600000, 0x0000000100000000)
  eden space 66560K, 35% used [0x00000000eab00000,0x00000000ec215230,0x00000000eec00000)
  from space 5120K, 99% used [0x00000000eec00000,0x00000000ef0fa0c0,0x00000000ef100000)
  to   space 5120K, 0% used [0x00000000ef100000,0x00000000ef100000,0x00000000ef600000)
 ParOldGen       total 60416K, used 18954K [0x00000000c0000000, 0x00000000c3b00000, 0x00000000eab00000)
  object space 60416K, 31% used [0x00000000c0000000,0x00000000c1282910,0x00000000c3b00000)
 Metaspace       used 34778K, capacity 35294K, committed 35496K, reserved 1079296K
  class space    used 4707K, capacity 4872K, committed 4912K, reserved 1048576K
Event: 5.092 GC heap after
Heap after GC invocations=9 (full 1):
 PSYoungGen      total 71680K, used 5120K [0x00000000eab00000, 0x00000000ef600000, 0x0000000100000000)
  eden space 66560K, 0% used [0x00000000eab00000,0x00000000eab00000,0x00000000eec00000)
  from space 5120K, 100% used [0x00000000ef100000,0x00000000ef600000,0x00000000ef600000)
  to   space 5120K, 0% used [0x00000000eec00000,0x00000000eec00000,0x00000000ef100000)
 ParOldGen       total 60416K, used 20858K [0x00000000c0000000, 0x00000000c3b00000, 0x00000000eab00000)
  object space 60416K, 34% used [0x00000000c0000000,0x00000000c145e950,0x00000000c3b00000)
 Metaspace       used 34778K, capacity 35294K, committed 35496K, reserved 1079296K
  class space    used 4707K, capacity 4872K, committed 4912K, reserved 1048576K
}
Event: 5.092 GC heap before
{Heap before GC invocations=10 (full 2):
 PSYoungGen      total 71680K, used 5120K [0x00000000eab00000, 0x00000000ef600000, 0x0000000100000000)
  eden space 66560K, 0% used [0x00000000eab00000,0x00000000eab00000,0x00000000eec00000)
  from space 5120K, 100% used [0x00000000ef100000,0x00000000ef600000,0x00000000ef600000)
  to   space 5120K, 0% used [0x00000000eec00000,0x00000000eec00000,0x00000000ef100000)
 ParOldGen       total 60416K, used 20858K [0x00000000c0000000, 0x00000000c3b00000, 0x00000000eab00000)
  object space 60416K, 34% used [0x00000000c0000000,0x00000000c145e950,0x00000000c3b00000)
 Metaspace       used 34778K, capacity 35294K, committed 35496K, reserved 1079296K
  class space    used 4707K, capacity 4872K, committed 4912K, reserved 1048576K
Event: 5.156 GC heap after
Heap after GC invocations=10 (full 2):
 PSYoungGen      total 71680K, used 0K [0x00000000eab00000, 0x00000000ef600000, 0x0000000100000000)
  eden space 66560K, 0% used [0x00000000eab00000,0x00000000eab00000,0x00000000eec00000)
  from space 5120K, 0% used [0x00000000ef100000,0x00000000ef100000,0x00000000ef600000)
  to   space 5120K, 0% used [0x00000000eec00000,0x00000000eec00000,0x00000000ef100000)
 ParOldGen       total 60416K, used 14099K [0x00000000c0000000, 0x00000000c3b00000, 0x00000000eab00000)
  object space 60416K, 23% used [0x00000000c0000000,0x00000000c0dc4ec0,0x00000000c3b00000)
 Metaspace       used 34747K, capacity 35260K, committed 35496K, reserved 1079296K
  class space    used 4698K, capacity 4862K, committed 4912K, reserved 1048576K
}
Event: 5.991 GC heap before
{Heap before GC invocations=11 (full 2):
 PSYoungGen      total 71680K, used 66560K [0x00000000eab00000, 0x00000000ef600000, 0x0000000100000000)
  eden space 66560K, 100% used [0x00000000eab00000,0x00000000eec00000,0x00000000eec00000)
  from space 5120K, 0% used [0x00000000ef100000,0x00000000ef100000,0x00000000ef600000)
  to   space 5120K, 0% used [0x00000000eec00000,0x00000000eec00000,0x00000000ef100000)
 ParOldGen       total 60416K, used 14099K [0x00000000c0000000, 0x00000000c3b00000, 0x00000000eab00000)
  object space 60416K, 23% used [0x00000000c0000000,0x00000000c0dc4ec0,0x00000000c3b00000)
 Metaspace       used 39651K, capacity 40350K, committed 40752K, reserved 1085440K
  class space    used 5391K, capacity 5599K, committed 5680K, reserved 1048576K
Event: 5.997 GC heap after
Heap after GC invocations=11 (full 2):
 PSYoungGen      total 71680K, used 5088K [0x00000000eab00000, 0x00000000f1980000, 0x0000000100000000)
  eden space 66560K, 0% used [0x00000000eab00000,0x00000000eab00000,0x00000000eec00000)
  from space 5120K, 99% used [0x00000000eec00000,0x00000000ef0f80c0,0x00000000ef100000)
  to   space 11776K, 0% used [0x00000000f0e00000,0x00000000f0e00000,0x00000000f1980000)
 ParOldGen       total 60416K, used 16078K [0x00000000c0000000, 0x00000000c3b00000, 0x00000000eab00000)
  object space 60416K, 26% used [0x00000000c0000000,0x00000000c0fb38e0,0x00000000c3b00000)
 Metaspace       used 39651K, capacity 40350K, committed 40752K, reserved 1085440K
  class space    used 5391K, capacity 5599K, committed 5680K, reserved 1048576K
}
Event: 15.889 GC heap before
{Heap before GC invocations=12 (full 2):
 PSYoungGen      total 71680K, used 71648K [0x00000000eab00000, 0x00000000f1980000, 0x0000000100000000)
  eden space 66560K, 100% used [0x00000000eab00000,0x00000000eec00000,0x00000000eec00000)
  from space 5120K, 99% used [0x00000000eec00000,0x00000000ef0f80c0,0x00000000ef100000)
  to   space 11776K, 0% used [0x00000000f0e00000,0x00000000f0e00000,0x00000000f1980000)
 ParOldGen       total 60416K, used 16078K [0x00000000c0000000, 0x00000000c3b00000, 0x00000000eab00000)
  object space 60416K, 26% used [0x00000000c0000000,0x00000000c0fb38e0,0x00000000c3b00000)
 Metaspace       used 45478K, capacity 46340K, committed 46512K, reserved 1089536K
  class space    used 6084K, capacity 6294K, committed 6320K, reserved 1048576K
Event: 15.902 GC heap after
Heap after GC invocations=12 (full 2):
 PSYoungGen      total 97280K, used 10151K [0x00000000eab00000, 0x00000000f1880000, 0x0000000100000000)
  eden space 86528K, 0% used [0x00000000eab00000,0x00000000eab00000,0x00000000eff80000)
  from space 10752K, 94% used [0x00000000f0e00000,0x00000000f17e9eb8,0x00000000f1880000)
  to   space 12800K, 0% used [0x00000000eff80000,0x00000000eff80000,0x00000000f0c00000)
 ParOldGen       total 60416K, used 16158K [0x00000000c0000000, 0x00000000c3b00000, 0x00000000eab00000)
  object space 60416K, 26% used [0x00000000c0000000,0x00000000c0fc78f0,0x00000000c3b00000)
 Metaspace       used 45478K, capacity 46340K, committed 46512K, reserved 1089536K
  class space    used 6084K, capacity 6294K, committed 6320K, reserved 1048576K
}
Event: 16.822 GC heap before
{Heap before GC invocations=13 (full 2):
 PSYoungGen      total 97280K, used 96679K [0x00000000eab00000, 0x00000000f1880000, 0x0000000100000000)
  eden space 86528K, 100% used [0x00000000eab00000,0x00000000eff80000,0x00000000eff80000)
  from space 10752K, 94% used [0x00000000f0e00000,0x00000000f17e9eb8,0x00000000f1880000)
  to   space 12800K, 0% used [0x00000000eff80000,0x00000000eff80000,0x00000000f0c00000)
 ParOldGen       total 60416K, used 16158K [0x00000000c0000000, 0x00000000c3b00000, 0x00000000eab00000)
  object space 60416K, 26% used [0x00000000c0000000,0x00000000c0fc78f0,0x00000000c3b00000)
 Metaspace       used 49258K, capacity 50438K, committed 50608K, reserved 1093632K
  class space    used 6720K, capacity 6989K, committed 7088K, reserved 1048576K
Event: 16.859 GC heap after
Heap after GC invocations=13 (full 2):
 PSYoungGen      total 99328K, used 8521K [0x00000000eab00000, 0x00000000f1880000, 0x0000000100000000)
  eden space 86528K, 0% used [0x00000000eab00000,0x00000000eab00000,0x00000000eff80000)
  from space 12800K, 66% used [0x00000000eff80000,0x00000000f07d26c8,0x00000000f0c00000)
  to   space 10752K, 0% used [0x00000000f0e00000,0x00000000f0e00000,0x00000000f1880000)
 ParOldGen       total 60416K, used 19776K [0x00000000c0000000, 0x00000000c3b00000, 0x00000000eab00000)
  object space 60416K, 32% used [0x00000000c0000000,0x00000000c1350300,0x00000000c3b00000)
 Metaspace       used 49258K, capacity 50438K, committed 50608K, reserved 1093632K
  class space    used 6720K, capacity 6989K, committed 7088K, reserved 1048576K
}

Deoptimization events (10 events):
Event: 16.280 Thread 0x0000000058cf1800 Uncommon trap: reason=unstable_if action=reinterpret pc=0x000000000372b4fc method=org.objectweb.asm.Type.appendDescriptor(Ljava/lang/Class;Ljava/lang/StringBuilder;)V @ 48
Event: 16.344 Thread 0x0000000058cf1800 Uncommon trap: reason=bimorphic action=maybe_recompile pc=0x0000000002afb9f8 method=java.util.AbstractCollection.addAll(Ljava/util/Collection;)Z @ 29
Event: 16.549 Thread 0x0000000058cf1800 Uncommon trap: reason=unstable_if action=reinterpret pc=0x00000000037a94fc method=org.objectweb.asm.Type.getArgumentsAndReturnSizes(Ljava/lang/String;)I @ 109
Event: 16.549 Thread 0x0000000058cf1800 Uncommon trap: reason=unstable_if action=reinterpret pc=0x0000000003783a10 method=org.objectweb.asm.Type.getArgumentsAndReturnSizes(Ljava/lang/String;)I @ 109
Event: 16.576 Thread 0x0000000058cf1800 Uncommon trap: reason=unstable_if action=reinterpret pc=0x000000000382bb3c method=java.util.TreeMap.put(Ljava/lang/Object;Ljava/lang/Object;)Ljava/lang/Object; @ 163
Event: 16.626 Thread 0x0000000058cf1800 Uncommon trap: reason=bimorphic action=maybe_recompile pc=0x0000000002afb9f8 method=java.util.AbstractCollection.addAll(Ljava/util/Collection;)Z @ 29
Event: 16.638 Thread 0x0000000058cf1800 Uncommon trap: reason=speculate_class_check action=maybe_recompile pc=0x000000000379d020 method=com.google.common.collect.AbstractIndexedListIterator.next()Ljava/lang/Object; @ 27
Event: 16.662 Thread 0x0000000058cf1800 Uncommon trap: reason=speculate_class_check action=maybe_recompile pc=0x000000000379d020 method=com.google.common.collect.AbstractIndexedListIterator.next()Ljava/lang/Object; @ 27
Event: 16.689 Thread 0x0000000058cf1800 Uncommon trap: reason=unstable_if action=reinterpret pc=0x00000000033b9988 method=org.codehaus.groovy.runtime.metaclass.MetaMethodIndex.addMethodToList(Ljava/lang/Object;Lgroovy/lang/MetaMethod;)Ljava/lang/Object; @ 226
Event: 17.091 Thread 0x0000000058cf1800 Uncommon trap: reason=unstable_if action=reinterpret pc=0x0000000002b5b6f8 method=java.util.WeakHashMap.put(Ljava/lang/Object;Ljava/lang/Object;)Ljava/lang/Object; @ 59

Classes redefined (0 events):
No events

Internal exceptions (10 events):
Event: 17.089 Thread 0x0000000058cf1800 Exception <a 'java/lang/ClassNotFoundException': org/gradle/api/internal/DefaultPolymorphicDomainObjectContainerBeanInfo> (0x00000000ecdff030) thrown at [C:\re\workspace\8-2-build-windows-amd64-cygwin\jdk8u201\12322\hotspot\src\share\vm\classfile\systemDi
Event: 17.090 Thread 0x0000000058cf1800 Exception <a 'java/lang/ClassNotFoundException': org/gradle/api/internal/AbstractPolymorphicDomainObjectContainerBeanInfo> (0x00000000ece3aa80) thrown at [C:\re\workspace\8-2-build-windows-amd64-cygwin\jdk8u201\12322\hotspot\src\share\vm\classfile\systemD
Event: 17.091 Thread 0x0000000058cf1800 Exception <a 'java/lang/ClassNotFoundException': org/gradle/api/internal/AbstractPolymorphicDomainObjectContainerCustomizer> (0x00000000ece76570) thrown at [C:\re\workspace\8-2-build-windows-amd64-cygwin\jdk8u201\12322\hotspot\src\share\vm\classfile\syste
Event: 17.094 Thread 0x0000000058cf1800 Exception <a 'java/lang/ClassNotFoundException': org/gradle/api/internal/DefaultPolymorphicDomainObjectContainerCustomizer> (0x00000000ecec9f48) thrown at [C:\re\workspace\8-2-build-windows-amd64-cygwin\jdk8u201\12322\hotspot\src\share\vm\classfile\system
Event: 17.098 Thread 0x0000000058cf1800 Exception <a 'java/lang/ClassNotFoundException': org/gradle/api/publish/internal/DefaultPublicationContainerCustomizer> (0x00000000ecf30450) thrown at [C:\re\workspace\8-2-build-windows-amd64-cygwin\jdk8u201\12322\hotspot\src\share\vm\classfile\systemDict
Event: 17.100 Thread 0x0000000058cf1800 Exception <a 'java/lang/ClassNotFoundException': org/gradle/api/publish/internal/DefaultPublicationContainer_DecoratedCustomizer> (0x00000000ecf93978) thrown at [C:\re\workspace\8-2-build-windows-amd64-cygwin\jdk8u201\12322\hotspot\src\share\vm\classfile\
Event: 17.205 Thread 0x0000000058cf1800 Exception <a 'java/lang/ClassNotFoundException': org/gradle/api/publish/maven/internal/publication/DefaultMavenPublication_DecoratedBeanInfo> (0x00000000eda7a030) thrown at [C:\re\workspace\8-2-build-windows-amd64-cygwin\jdk8u201\12322\hotspot\src\share\v
Event: 17.206 Thread 0x0000000058cf1800 Exception <a 'java/lang/ClassNotFoundException': org/gradle/api/publish/maven/internal/publication/DefaultMavenPublicationBeanInfo> (0x00000000edad1bc0) thrown at [C:\re\workspace\8-2-build-windows-amd64-cygwin\jdk8u201\12322\hotspot\src\share\vm\classfil
Event: 17.208 Thread 0x0000000058cf1800 Exception <a 'java/lang/ClassNotFoundException': org/gradle/api/publish/maven/internal/publication/DefaultMavenPublicationCustomizer> (0x00000000edb2c660) thrown at [C:\re\workspace\8-2-build-windows-amd64-cygwin\jdk8u201\12322\hotspot\src\share\vm\classf
Event: 17.210 Thread 0x0000000058cf1800 Exception <a 'java/lang/ClassNotFoundException': org/gradle/api/publish/maven/internal/publication/DefaultMavenPublication_DecoratedCustomizer> (0x00000000edbd9860) thrown at [C:\re\workspace\8-2-build-windows-amd64-cygwin\jdk8u201\12322\hotspot\src\share

Events (10 events):
Event: 17.228 Thread 0x0000000058cf1800 DEOPT PACKING pc=0x000000000341aa70 sp=0x0000000059b836b0
Event: 17.228 Thread 0x0000000058cf1800 DEOPT UNPACKING pc=0x0000000002927890 sp=0x0000000059b833f0 mode 1
Event: 17.228 Thread 0x0000000058cf1800 DEOPT PACKING pc=0x000000000388999c sp=0x0000000059b83760
Event: 17.228 Thread 0x0000000058cf1800 DEOPT UNPACKING pc=0x0000000002927890 sp=0x0000000059b83490 mode 1
Event: 17.228 loading class org/gradle/internal/nativeplatform/filesystem/FileSystem
Event: 17.228 loading class org/gradle/internal/nativeplatform/filesystem/FileSystem done
Event: 17.228 Thread 0x0000000058cf1800 DEOPT PACKING pc=0x000000000341aa70 sp=0x0000000059b838d0
Event: 17.228 Thread 0x0000000058cf1800 DEOPT UNPACKING pc=0x0000000002927890 sp=0x0000000059b83610 mode 1
Event: 17.228 Thread 0x0000000058cf1800 DEOPT PACKING pc=0x000000000388999c sp=0x0000000059b83980
Event: 17.228 Thread 0x0000000058cf1800 DEOPT UNPACKING pc=0x0000000002927890 sp=0x0000000059b836b0 mode 1


Dynamic libraries:
0x000000013ff60000 - 0x000000013ff97000 	C:\Program Files\Java\jdk1.8.0_201\bin\java.exe
0x0000000076fb0000 - 0x0000000077159000 	C:\Windows\SYSTEM32\ntdll.dll
0x0000000076d90000 - 0x0000000076eaf000 	C:\Windows\system32\kernel32.dll
0x000007fefcfb0000 - 0x000007fefd01c000 	C:\Windows\system32\KERNELBASE.dll
0x000007fefd9d0000 - 0x000007fefdaab000 	C:\Windows\system32\ADVAPI32.dll
0x000007fefdae0000 - 0x000007fefdb7f000 	C:\Windows\system32\msvcrt.dll
0x000007fefd420000 - 0x000007fefd43f000 	C:\Windows\SYSTEM32\sechost.dll
0x000007fefec30000 - 0x000007fefed5d000 	C:\Windows\system32\RPCRT4.dll
0x0000000076eb0000 - 0x0000000076faa000 	C:\Windows\system32\USER32.dll
0x000007fefeee0000 - 0x000007fefef47000 	C:\Windows\system32\GDI32.dll
0x000007feff080000 - 0x000007feff08e000 	C:\Windows\system32\LPK.dll
0x000007fefd350000 - 0x000007fefd419000 	C:\Windows\system32\USP10.dll
0x000007fefbaf0000 - 0x000007fefbce4000 	C:\Windows\WinSxS\amd64_microsoft.windows.common-controls_6595b64144ccf1df_6.0.7601.17514_none_fa396087175ac9ac\COMCTL32.dll
0x000007fefd2d0000 - 0x000007fefd341000 	C:\Windows\system32\SHLWAPI.dll
0x000007fefdab0000 - 0x000007fefdade000 	C:\Windows\system32\IMM32.DLL
0x000007fefd440000 - 0x000007fefd549000 	C:\Windows\system32\MSCTF.dll
0x000000006b090000 - 0x000000006b161000 	C:\Program Files\Java\jdk1.8.0_201\jre\bin\msvcr100.dll
0x000000005ce80000 - 0x000000005d724000 	C:\Program Files\Java\jdk1.8.0_201\jre\bin\server\jvm.dll
0x000007fefbad0000 - 0x000007fefbad9000 	C:\Windows\system32\WSOCK32.dll
0x000007fefde50000 - 0x000007fefde9d000 	C:\Windows\system32\WS2_32.dll
0x000007fefdb80000 - 0x000007fefdb88000 	C:\Windows\system32\NSI.dll
0x000007fef82f0000 - 0x000007fef832b000 	C:\Windows\system32\WINMM.dll
0x000007fefc060000 - 0x000007fefc06c000 	C:\Windows\system32\VERSION.dll
0x0000000077170000 - 0x0000000077177000 	C:\Windows\system32\PSAPI.DLL
0x000007fef8280000 - 0x000007fef828f000 	C:\Program Files\Java\jdk1.8.0_201\jre\bin\verify.dll
0x000007fed6a50000 - 0x000007fed6a79000 	C:\Program Files\Java\jdk1.8.0_201\jre\bin\java.dll
0x000007fed6370000 - 0x000007fed63a5000 	C:\Program Files\Java\jdk1.8.0_201\jre\bin\jdwp.dll
0x000007fef1230000 - 0x000007fef1238000 	C:\Program Files\Java\jdk1.8.0_201\jre\bin\npt.dll
0x000007fed5e70000 - 0x000007fed5e86000 	C:\Program Files\Java\jdk1.8.0_201\jre\bin\zip.dll
0x000007fefdea0000 - 0x000007fefec28000 	C:\Windows\system32\SHELL32.dll
0x000007feff090000 - 0x000007feff293000 	C:\Windows\system32\ole32.dll
0x000007fefcf00000 - 0x000007fefcf0f000 	C:\Windows\system32\profapi.dll
0x000007fed7210000 - 0x000007fed7219000 	C:\Program Files\Java\jdk1.8.0_201\jre\bin\dt_socket.dll
0x000007fefc730000 - 0x000007fefc785000 	C:\Windows\system32\mswsock.dll
0x000007fefc130000 - 0x000007fefc137000 	C:\Windows\System32\wshtcpip.dll
0x000007fed5d70000 - 0x000007fed5d8a000 	C:\Program Files\Java\jdk1.8.0_201\jre\bin\net.dll
0x000007fefed60000 - 0x000007fefeed9000 	C:\Windows\system32\urlmon.dll
0x000007fefef50000 - 0x000007feff07a000 	C:\Windows\system32\WININET.dll
0x000007fefd650000 - 0x000007fefd8ab000 	C:\Windows\system32\iertutil.dll
0x000007fefdb90000 - 0x000007fefdc67000 	C:\Windows\system32\OLEAUT32.dll
0x000007fefd160000 - 0x000007fefd2c7000 	C:\Windows\system32\CRYPT32.dll
0x000007fefcfa0000 - 0x000007fefcfaf000 	C:\Windows\system32\MSASN1.dll
0x000007fefc720000 - 0x000007fefc727000 	C:\Windows\System32\wship6.dll
0x000007fed5d20000 - 0x000007fed5d31000 	C:\Program Files\Java\jdk1.8.0_201\jre\bin\nio.dll
0x000007fed63b0000 - 0x000007fed63d6000 	C:\Users\xluser\.gradle\native\29\windows-amd64\native-platform.dll
0x000007fefbfe0000 - 0x000007fefbfe3000 	C:\Windows\system32\api-ms-win-core-synch-l1-2-0.DLL
0x000007fed69c0000 - 0x000007fed69cd000 	C:\Program Files\Java\jdk1.8.0_201\jre\bin\management.dll
0x000007fefc7d0000 - 0x000007fefc7e7000 	C:\Windows\system32\CRYPTSP.dll
0x000007fefc490000 - 0x000007fefc4d7000 	C:\Windows\system32\rsaenh.dll
0x000007fefc240000 - 0x000007fefc25e000 	C:\Windows\system32\USERENV.dll
0x000007fefce30000 - 0x000007fefce3f000 	C:\Windows\system32\CRYPTBASE.dll
0x000007fefa790000 - 0x000007fefa7b7000 	C:\Windows\system32\IPHLPAPI.DLL
0x000007fefa780000 - 0x000007fefa78b000 	C:\Windows\system32\WINNSI.DLL
0x000007fef9ae0000 - 0x000007fef9af1000 	C:\Windows\system32\dhcpcsvc6.DLL
0x000007fef9ac0000 - 0x000007fef9ad8000 	C:\Windows\system32\dhcpcsvc.DLL
0x000007fed6340000 - 0x000007fed6364000 	C:\Program Files\Java\jdk1.8.0_201\jre\bin\sunec.dll
0x000007fefc5b0000 - 0x000007fefc60b000 	C:\Windows\system32\DNSAPI.dll
0x000007fef1f70000 - 0x000007fef1f78000 	C:\Windows\system32\rasadhlp.dll
0x000007fef9b50000 - 0x000007fef9ba3000 	C:\Windows\System32\fwpuclnt.dll
0x000007fed69b0000 - 0x000007fed69bb000 	C:\Program Files\Java\jdk1.8.0_201\jre\bin\sunmscapi.dll

VM Arguments:
jvm_args: -agentlib:jdwp=transport=dt_socket,server=n,suspend=y,address=65000 -Xmx1G -Dfile.encoding=windows-1252 -Duser.country=US -Duser.language=en -Duser.variant 
java_command: org.gradle.launcher.daemon.bootstrap.GradleDaemon 5.5.1
java_class_path (initial): C:\Users\xluser\.gradle\wrapper\dists\gradle-5.5.1-bin\cfsov38hb3r1zj4ic9bbjcc7n\gradle-5.5.1\lib\gradle-launcher-5.5.1.jar
Launcher Type: SUN_STANDARD

Environment Variables:
PATH=C:\Program Files\Java\jdk1.8.0_201\bin;C:\Program Files\Git\cmd;C:\Program Files\Java\jdk1.8.0_201\bin;C:\Users\xluser\AppData\Local\GitHubDesktop\bin;C:\Program Files (x86)\Common Files\Acronis\TibMounter64
USERNAME=xluser
OS=Windows_NT
PROCESSOR_IDENTIFIER=Intel64 Family 6 Model 42 Stepping 7, GenuineIntel



---------------  S Y S T E M  ---------------

OS: Windows 7 , 64 bit Build 7601 (6.1.7601.17651)

CPU:total 4 (initial active 4) (4 cores per cpu, 1 threads per core) family 6 model 42 stepping 7, cmov, cx8, fxsr, mmx, sse, sse2, sse3, ssse3, sse4.1, sse4.2, popcnt, avx, aes, clmul, tsc, tscinvbit

Memory: 4k page, physical 8344636k(113888k free), swap 16293216k(9476k free)

vm_info: Java HotSpot(TM) 64-Bit Server VM (25.201-b09) for windows-amd64 JRE (1.8.0_201-b09), built on Dec 15 2018 18:36:39 by "java_re" with MS VC++ 10.0 (VS2010)

time: Mon Jun 01 13:26:40 2020
timezone: Eastern Daylight Time
elapsed time: 17 seconds (0d 0h 0m 17s)

